<?xml version="1.0" encoding="UTF-8"?>
<!-- Generated by org.testng.reporters.JUnitReportReporter -->
<testsuite hostname="aham" failures="0" tests="1" name="orangeHRM.CreateEmployee.CreateEmpoyee" time="9.118" errors="0" timestamp="2023-11-29T21:59:49 IST" skipped="0">
  <testcase classname="orangeHRM.CreateEmployee.CreateEmpoyee" name="createEmployee" time="9.118"/>
  <system-out>
    <![CDATA[Click on the PIM button successfully
Click on the Add button successfully
Create new employee successfully]]>
  </system-out>
</testsuite> <!-- orangeHRM.CreateEmployee.CreateEmpoyee -->
