<?xml version="1.0" encoding="UTF-8"?>
<!-- Generated by org.testng.reporters.JUnitReportReporter -->
<testsuite hostname="aham" failures="0" tests="1" name="orangeHRM.CreateEmployee.CreateEmpoyee" time="8.566" errors="0" timestamp="2023-11-29T22:48:51 IST" skipped="0">
  <testcase classname="orangeHRM.CreateEmployee.CreateEmpoyee" name="createEmployee" time="8.566"/>
  <system-out>
    <![CDATA[Click on the PIM button successfully
Click on the Add button successfully
Create new employee successfully]]>
  </system-out>
</testsuite> <!-- orangeHRM.CreateEmployee.CreateEmpoyee -->
