<?xml version="1.0" encoding="UTF-8"?>
<!-- Generated by org.testng.reporters.JUnitReportReporter -->
<testsuite hostname="aham" failures="0" tests="1" name="Practice.TestNGPractice" time="0.009" errors="0" timestamp="2023-11-25T22:38:26 IST" skipped="0">
  <testcase classname="Practice.TestNGPractice" name="demo" time="0.009"/>
  <system-out/>
</testsuite> <!-- Practice.TestNGPractice -->
