<?xml version="1.0" encoding="UTF-8"?>
<!-- Generated by org.testng.reporters.JUnitReportReporter -->
<testsuite hostname="aham" failures="0" tests="1" name="orangeHRM.CreateEmployee.CreateEmpoyeetest" time="9.217" errors="0" timestamp="2023-12-18T17:55:38 IST" skipped="0">
  <testcase classname="orangeHRM.CreateEmployee.CreateEmpoyeetest" name="createEmployee" time="9.217"/>
  <system-out>
    <![CDATA[Click on the PIM button successfully
Click on the Add button successfully
Create new employee successfully]]>
  </system-out>
</testsuite> <!-- orangeHRM.CreateEmployee.CreateEmpoyeetest -->
